Flow report for Qsys_EP2C5
Mon Jul 29 15:36:00 2013
Quartus II 64-Bit Version 13.0.0 Build 156 04/24/2013 SJ Full Version


---------------------
; Table of Contents ;
---------------------
  1. Legal Notice
  2. Flow Summary
  3. Flow Settings
  4. Flow Non-Default Global Settings
  5. Flow Elapsed Time
  6. Flow OS Summary
  7. Flow Log
  8. Flow Messages
  9. Flow Suppressed Messages



----------------
; Legal Notice ;
----------------
Copyright (C) 1991-2013 Altera Corporation
Your use of Altera Corporation's design tools, logic functions 
and other software and tools, and its AMPP partner logic 
functions, and any output files from any of the foregoing 
(including device programming or simulation files), and any 
associated documentation or information are expressly subject 
to the terms and conditions of the Altera Program License 
Subscription Agreement, Altera MegaCore Function License 
Agreement, or other applicable license agreement, including, 
without limitation, that your use is for the sole purpose of 
programming logic devices manufactured by Altera and sold by 
Altera or its authorized distributors.  Please refer to the 
applicable agreement for further details.



+----------------------------------------------------------------------------------+
; Flow Summary                                                                     ;
+------------------------------------+---------------------------------------------+
; Flow Status                        ; Successful - Mon Jul 29 15:36:00 2013       ;
; Quartus II 64-Bit Version          ; 13.0.0 Build 156 04/24/2013 SJ Full Version ;
; Revision Name                      ; Qsys_EP2C5                                  ;
; Top-level Entity Name              ; Qsys_EP2C5                                  ;
; Family                             ; Cyclone II                                  ;
; Device                             ; EP2C5T144C8                                 ;
; Timing Models                      ; Final                                       ;
; Total logic elements               ; 2,127 / 4,608 ( 46 % )                      ;
;     Total combinational functions  ; 1,945 / 4,608 ( 42 % )                      ;
;     Dedicated logic registers      ; 1,268 / 4,608 ( 28 % )                      ;
; Total registers                    ; 1268                                        ;
; Total pins                         ; 22 / 89 ( 25 % )                            ;
; Total virtual pins                 ; 0                                           ;
; Total memory bits                  ; 91,136 / 119,808 ( 76 % )                   ;
; Embedded Multiplier 9-bit elements ; 0 / 26 ( 0 % )                              ;
; Total PLLs                         ; 1 / 2 ( 50 % )                              ;
+------------------------------------+---------------------------------------------+


+-----------------------------------------+
; Flow Settings                           ;
+-------------------+---------------------+
; Option            ; Setting             ;
+-------------------+---------------------+
; Start date & time ; 07/29/2013 15:34:53 ;
; Main task         ; Compilation         ;
; Revision Name     ; Qsys_EP2C5          ;
+-------------------+---------------------+


+-----------------------------------------------------------------------------------------------------------------------------------------------------------------+
; Flow Non-Default Global Settings                                                                                                                                ;
+-------------------------------------+--------------------------------------------------------+---------------+---------------------------------+----------------+
; Assignment Name                     ; Value                                                  ; Default Value ; Entity Name                     ; Section Id     ;
+-------------------------------------+--------------------------------------------------------+---------------+---------------------------------+----------------+
; COMPILER_SIGNATURE_ID               ; 37539439667645.137508329207488                         ; --            ; --                              ; --             ;
; EDA_OUTPUT_DATA_FORMAT              ; Verilog Hdl                                            ; --            ; --                              ; eda_simulation ;
; EDA_SIMULATION_TOOL                 ; ModelSim-Altera (Verilog)                              ; <None>        ; --                              ; --             ;
; IP_TOOL_ENV                         ; Qsys                                                   ; --            ; Qsys                            ; --             ;
; IP_TOOL_ENV                         ; Qsys                                                   ; --            ; Qsys_KEY                        ; --             ;
; IP_TOOL_ENV                         ; Qsys                                                   ; --            ; Qsys_RAM                        ; --             ;
; IP_TOOL_ENV                         ; Qsys                                                   ; --            ; Qsys_addr_router                ; --             ;
; IP_TOOL_ENV                         ; Qsys                                                   ; --            ; Qsys_addr_router_001            ; --             ;
; IP_TOOL_ENV                         ; Qsys                                                   ; --            ; Qsys_cmd_xbar_demux             ; --             ;
; IP_TOOL_ENV                         ; Qsys                                                   ; --            ; Qsys_cmd_xbar_demux_001         ; --             ;
; IP_TOOL_ENV                         ; Qsys                                                   ; --            ; Qsys_cmd_xbar_mux               ; --             ;
; IP_TOOL_ENV                         ; Qsys                                                   ; --            ; Qsys_epcs                       ; --             ;
; IP_TOOL_ENV                         ; Qsys                                                   ; --            ; Qsys_id_router                  ; --             ;
; IP_TOOL_ENV                         ; Qsys                                                   ; --            ; Qsys_id_router_003              ; --             ;
; IP_TOOL_ENV                         ; Qsys                                                   ; --            ; Qsys_irq_mapper                 ; --             ;
; IP_TOOL_ENV                         ; Qsys                                                   ; --            ; Qsys_jtag_uart                  ; --             ;
; IP_TOOL_ENV                         ; Qsys                                                   ; --            ; Qsys_nios2                      ; --             ;
; IP_TOOL_ENV                         ; Qsys                                                   ; --            ; Qsys_rsp_xbar_demux             ; --             ;
; IP_TOOL_ENV                         ; Qsys                                                   ; --            ; Qsys_rsp_xbar_demux_003         ; --             ;
; IP_TOOL_ENV                         ; Qsys                                                   ; --            ; Qsys_rsp_xbar_mux               ; --             ;
; IP_TOOL_ENV                         ; Qsys                                                   ; --            ; Qsys_rsp_xbar_mux_001           ; --             ;
; IP_TOOL_ENV                         ; Qsys                                                   ; --            ; Qsys_sysid                      ; --             ;
; IP_TOOL_ENV                         ; Qsys                                                   ; --            ; altera_avalon_sc_fifo           ; --             ;
; IP_TOOL_ENV                         ; Qsys                                                   ; --            ; altera_merlin_master_agent      ; --             ;
; IP_TOOL_ENV                         ; Qsys                                                   ; --            ; altera_merlin_master_translator ; --             ;
; IP_TOOL_ENV                         ; Qsys                                                   ; --            ; altera_merlin_slave_agent       ; --             ;
; IP_TOOL_ENV                         ; Qsys                                                   ; --            ; altera_merlin_slave_translator  ; --             ;
; IP_TOOL_ENV                         ; Qsys                                                   ; --            ; altera_reset_controller         ; --             ;
; IP_TOOL_NAME                        ; ALTPLL                                                 ; --            ; --                              ; --             ;
; IP_TOOL_NAME                        ; ROM: 1-PORT                                            ; --            ; --                              ; --             ;
; IP_TOOL_NAME                        ; ROM: 1-PORT                                            ; --            ; --                              ; --             ;
; IP_TOOL_NAME                        ; Qsys                                                   ; --            ; Qsys                            ; --             ;
; IP_TOOL_NAME                        ; altera_avalon_pio                                      ; --            ; Qsys_KEY                        ; --             ;
; IP_TOOL_NAME                        ; altera_avalon_onchip_memory2                           ; --            ; Qsys_RAM                        ; --             ;
; IP_TOOL_NAME                        ; altera_merlin_router                                   ; --            ; Qsys_addr_router                ; --             ;
; IP_TOOL_NAME                        ; altera_merlin_router                                   ; --            ; Qsys_addr_router_001            ; --             ;
; IP_TOOL_NAME                        ; altera_merlin_demultiplexer                            ; --            ; Qsys_cmd_xbar_demux             ; --             ;
; IP_TOOL_NAME                        ; altera_merlin_demultiplexer                            ; --            ; Qsys_cmd_xbar_demux_001         ; --             ;
; IP_TOOL_NAME                        ; altera_merlin_multiplexer                              ; --            ; Qsys_cmd_xbar_mux               ; --             ;
; IP_TOOL_NAME                        ; altera_avalon_epcs_flash_controller                    ; --            ; Qsys_epcs                       ; --             ;
; IP_TOOL_NAME                        ; altera_merlin_router                                   ; --            ; Qsys_id_router                  ; --             ;
; IP_TOOL_NAME                        ; altera_merlin_router                                   ; --            ; Qsys_id_router_003              ; --             ;
; IP_TOOL_NAME                        ; altera_irq_mapper                                      ; --            ; Qsys_irq_mapper                 ; --             ;
; IP_TOOL_NAME                        ; altera_avalon_jtag_uart                                ; --            ; Qsys_jtag_uart                  ; --             ;
; IP_TOOL_NAME                        ; altera_nios2_qsys                                      ; --            ; Qsys_nios2                      ; --             ;
; IP_TOOL_NAME                        ; altera_merlin_demultiplexer                            ; --            ; Qsys_rsp_xbar_demux             ; --             ;
; IP_TOOL_NAME                        ; altera_merlin_demultiplexer                            ; --            ; Qsys_rsp_xbar_demux_003         ; --             ;
; IP_TOOL_NAME                        ; altera_merlin_multiplexer                              ; --            ; Qsys_rsp_xbar_mux               ; --             ;
; IP_TOOL_NAME                        ; altera_merlin_multiplexer                              ; --            ; Qsys_rsp_xbar_mux_001           ; --             ;
; IP_TOOL_NAME                        ; altera_avalon_sysid_qsys                               ; --            ; Qsys_sysid                      ; --             ;
; IP_TOOL_NAME                        ; altera_avalon_sc_fifo                                  ; --            ; altera_avalon_sc_fifo           ; --             ;
; IP_TOOL_NAME                        ; altera_merlin_master_agent                             ; --            ; altera_merlin_master_agent      ; --             ;
; IP_TOOL_NAME                        ; altera_merlin_master_translator                        ; --            ; altera_merlin_master_translator ; --             ;
; IP_TOOL_NAME                        ; altera_merlin_slave_agent                              ; --            ; altera_merlin_slave_agent       ; --             ;
; IP_TOOL_NAME                        ; altera_merlin_slave_translator                         ; --            ; altera_merlin_slave_translator  ; --             ;
; IP_TOOL_NAME                        ; altera_reset_controller                                ; --            ; altera_reset_controller         ; --             ;
; IP_TOOL_VERSION                     ; 13.0                                                   ; --            ; --                              ; --             ;
; IP_TOOL_VERSION                     ; 13.0                                                   ; --            ; --                              ; --             ;
; IP_TOOL_VERSION                     ; 13.0                                                   ; --            ; --                              ; --             ;
; IP_TOOL_VERSION                     ; 13.0                                                   ; --            ; Qsys                            ; --             ;
; IP_TOOL_VERSION                     ; 13.0.1                                                 ; --            ; Qsys_KEY                        ; --             ;
; IP_TOOL_VERSION                     ; 13.0.1                                                 ; --            ; Qsys_RAM                        ; --             ;
; IP_TOOL_VERSION                     ; 13.0                                                   ; --            ; Qsys_addr_router                ; --             ;
; IP_TOOL_VERSION                     ; 13.0                                                   ; --            ; Qsys_addr_router_001            ; --             ;
; IP_TOOL_VERSION                     ; 13.0                                                   ; --            ; Qsys_cmd_xbar_demux             ; --             ;
; IP_TOOL_VERSION                     ; 13.0                                                   ; --            ; Qsys_cmd_xbar_demux_001         ; --             ;
; IP_TOOL_VERSION                     ; 13.0                                                   ; --            ; Qsys_cmd_xbar_mux               ; --             ;
; IP_TOOL_VERSION                     ; 13.0.1                                                 ; --            ; Qsys_epcs                       ; --             ;
; IP_TOOL_VERSION                     ; 13.0                                                   ; --            ; Qsys_id_router                  ; --             ;
; IP_TOOL_VERSION                     ; 13.0                                                   ; --            ; Qsys_id_router_003              ; --             ;
; IP_TOOL_VERSION                     ; 13.0                                                   ; --            ; Qsys_irq_mapper                 ; --             ;
; IP_TOOL_VERSION                     ; 13.0.1                                                 ; --            ; Qsys_jtag_uart                  ; --             ;
; IP_TOOL_VERSION                     ; 13.0                                                   ; --            ; Qsys_nios2                      ; --             ;
; IP_TOOL_VERSION                     ; 13.0                                                   ; --            ; Qsys_rsp_xbar_demux             ; --             ;
; IP_TOOL_VERSION                     ; 13.0                                                   ; --            ; Qsys_rsp_xbar_demux_003         ; --             ;
; IP_TOOL_VERSION                     ; 13.0                                                   ; --            ; Qsys_rsp_xbar_mux               ; --             ;
; IP_TOOL_VERSION                     ; 13.0                                                   ; --            ; Qsys_rsp_xbar_mux_001           ; --             ;
; IP_TOOL_VERSION                     ; 13.0                                                   ; --            ; Qsys_sysid                      ; --             ;
; IP_TOOL_VERSION                     ; 13.0                                                   ; --            ; altera_avalon_sc_fifo           ; --             ;
; IP_TOOL_VERSION                     ; 13.0                                                   ; --            ; altera_merlin_master_agent      ; --             ;
; IP_TOOL_VERSION                     ; 13.0                                                   ; --            ; altera_merlin_master_translator ; --             ;
; IP_TOOL_VERSION                     ; 13.0                                                   ; --            ; altera_merlin_slave_agent       ; --             ;
; IP_TOOL_VERSION                     ; 13.0                                                   ; --            ; altera_merlin_slave_translator  ; --             ;
; IP_TOOL_VERSION                     ; 13.0                                                   ; --            ; altera_reset_controller         ; --             ;
; MAX_CORE_JUNCTION_TEMP              ; 85                                                     ; --            ; --                              ; --             ;
; MIN_CORE_JUNCTION_TEMP              ; 0                                                      ; --            ; --                              ; --             ;
; MISC_FILE                           ; Qsys/synthesis/../../Qsys.cmp                          ; --            ; --                              ; --             ;
; MISC_FILE                           ; Qsys/synthesis/../../Qsys.qsys                         ; --            ; --                              ; --             ;
; MISC_FILE                           ; PLL1.bsf                                               ; --            ; --                              ; --             ;
; MISC_FILE                           ; PLL1.cmp                                               ; --            ; --                              ; --             ;
; MISC_FILE                           ; PLL1.ppf                                               ; --            ; --                              ; --             ;
; MISC_FILE                           ; ROM1.bsf                                               ; --            ; --                              ; --             ;
; MISC_FILE                           ; ROM1.cmp                                               ; --            ; --                              ; --             ;
; MISC_FILE                           ; ROM2.bsf                                               ; --            ; --                              ; --             ;
; MISC_FILE                           ; ROM2.cmp                                               ; --            ; --                              ; --             ;
; PARTITION_COLOR                     ; 16764057                                               ; --            ; --                              ; Top            ;
; PARTITION_FITTER_PRESERVATION_LEVEL ; PLACEMENT_AND_ROUTING                                  ; --            ; --                              ; Top            ;
; PARTITION_NETLIST_TYPE              ; SOURCE                                                 ; --            ; --                              ; Top            ;
; PROJECT_OUTPUT_DIRECTORY            ; output_files                                           ; --            ; --                              ; --             ;
; SLD_INFO                            ; QSYS_NAME Qsys HAS_SOPCINFO 1 GENERATION_ID 1375083247 ; --            ; Qsys                            ; --             ;
; SMART_RECOMPILE                     ; On                                                     ; Off           ; --                              ; --             ;
; SOPCINFO_FILE                       ; Qsys/synthesis/../../Qsys.sopcinfo                     ; --            ; --                              ; --             ;
; SYNTHESIS_ONLY_QIP                  ; On                                                     ; --            ; --                              ; --             ;
+-------------------------------------+--------------------------------------------------------+---------------+---------------------------------+----------------+


+-------------------------------------------------------------------------------------------------------------------------------+
; Flow Elapsed Time                                                                                                             ;
+---------------------------+--------------+-------------------------+---------------------+------------------------------------+
; Module Name               ; Elapsed Time ; Average Processors Used ; Peak Virtual Memory ; Total CPU Time (on all processors) ;
+---------------------------+--------------+-------------------------+---------------------+------------------------------------+
; Analysis & Synthesis      ; 00:00:28     ; 1.0                     ; 579 MB              ; 00:00:27                           ;
; Fitter                    ; 00:00:19     ; 1.2                     ; 781 MB              ; 00:00:21                           ;
; Assembler                 ; 00:00:02     ; 1.0                     ; 432 MB              ; 00:00:02                           ;
; TimeQuest Timing Analyzer ; 00:00:03     ; 1.0                     ; 451 MB              ; 00:00:02                           ;
; EDA Netlist Writer        ; 00:00:04     ; 1.0                     ; 421 MB              ; 00:00:04                           ;
; Total                     ; 00:00:56     ; --                      ; --                  ; 00:00:56                           ;
+---------------------------+--------------+-------------------------+---------------------+------------------------------------+


+----------------------------------------------------------------------------------------+
; Flow OS Summary                                                                        ;
+---------------------------+------------------+-----------+------------+----------------+
; Module Name               ; Machine Hostname ; OS Name   ; OS Version ; Processor type ;
+---------------------------+------------------+-----------+------------+----------------+
; Analysis & Synthesis      ; qin-PC           ; Windows 7 ; 6.1        ; x86_64         ;
; Fitter                    ; qin-PC           ; Windows 7 ; 6.1        ; x86_64         ;
; Assembler                 ; qin-PC           ; Windows 7 ; 6.1        ; x86_64         ;
; TimeQuest Timing Analyzer ; qin-PC           ; Windows 7 ; 6.1        ; x86_64         ;
; EDA Netlist Writer        ; qin-PC           ; Windows 7 ; 6.1        ; x86_64         ;
+---------------------------+------------------+-----------+------------+----------------+


------------
; Flow Log ;
------------
quartus_map --read_settings_files=on --write_settings_files=off Qsys_EP2C5 -c Qsys_EP2C5
quartus_fit --read_settings_files=off --write_settings_files=off Qsys_EP2C5 -c Qsys_EP2C5
quartus_asm --read_settings_files=off --write_settings_files=off Qsys_EP2C5 -c Qsys_EP2C5
quartus_sta Qsys_EP2C5 -c Qsys_EP2C5
quartus_eda --read_settings_files=off --write_settings_files=off Qsys_EP2C5 -c Qsys_EP2C5



