Flow report for DSO
Fri May 16 14:38:24 2014
Quartus II 64-Bit Version 13.0.0 Build 156 04/24/2013 SJ Full Version


---------------------
; Table of Contents ;
---------------------
  1. Legal Notice
  2. Flow Summary
  3. Flow Settings
  4. Flow Non-Default Global Settings
  5. Flow Elapsed Time
  6. Flow OS Summary
  7. Flow Log
  8. Flow Messages
  9. Flow Suppressed Messages



----------------
; Legal Notice ;
----------------
Copyright (C) 1991-2013 Altera Corporation
Your use of Altera Corporation's design tools, logic functions 
and other software and tools, and its AMPP partner logic 
functions, and any output files from any of the foregoing 
(including device programming or simulation files), and any 
associated documentation or information are expressly subject 
to the terms and conditions of the Altera Program License 
Subscription Agreement, Altera MegaCore Function License 
Agreement, or other applicable license agreement, including, 
without limitation, that your use is for the sole purpose of 
programming logic devices manufactured by Altera and sold by 
Altera or its authorized distributors.  Please refer to the 
applicable agreement for further details.



+----------------------------------------------------------------------------------+
; Flow Summary                                                                     ;
+------------------------------------+---------------------------------------------+
; Flow Status                        ; Successful - Fri May 16 14:38:24 2014       ;
; Quartus II 64-Bit Version          ; 13.0.0 Build 156 04/24/2013 SJ Full Version ;
; Revision Name                      ; DSO                                         ;
; Top-level Entity Name              ; DSO                                         ;
; Family                             ; Cyclone II                                  ;
; Device                             ; EP2C8Q208C8                                 ;
; Timing Models                      ; Final                                       ;
; Total logic elements               ; 6,254 / 8,256 ( 76 % )                      ;
;     Total combinational functions  ; 5,319 / 8,256 ( 64 % )                      ;
;     Dedicated logic registers      ; 4,122 / 8,256 ( 50 % )                      ;
; Total registers                    ; 4198                                        ;
; Total pins                         ; 101 / 138 ( 73 % )                          ;
; Total virtual pins                 ; 0                                           ;
; Total memory bits                  ; 94,784 / 165,888 ( 57 % )                   ;
; Embedded Multiplier 9-bit elements ; 4 / 36 ( 11 % )                             ;
; Total PLLs                         ; 2 / 2 ( 100 % )                             ;
+------------------------------------+---------------------------------------------+


+-----------------------------------------+
; Flow Settings                           ;
+-------------------+---------------------+
; Option            ; Setting             ;
+-------------------+---------------------+
; Start date & time ; 05/16/2014 14:35:25 ;
; Main task         ; Compilation         ;
; Revision Name     ; DSO                 ;
+-------------------+---------------------+


+-----------------------------------------------------------------------------------------------------------------------------------------------------------------------------------------------------------------+
; Flow Non-Default Global Settings                                                                                                                                                                                ;
+-------------------------------------+------------------------------------------------------------------------------------------------------+---------------+---------------------------------+------------------+
; Assignment Name                     ; Value                                                                                                ; Default Value ; Entity Name                     ; Section Id       ;
+-------------------------------------+------------------------------------------------------------------------------------------------------+---------------+---------------------------------+------------------+
; COMPILER_SIGNATURE_ID               ; 156044323261.140022212102296                                                                         ; --            ; --                              ; --               ;
; EDA_SIMULATION_TOOL                 ; ModelSim-Altera (Verilog)                                                                            ; <None>        ; --                              ; --               ;
; ENABLE_SIGNALTAP                    ; On                                                                                                   ; --            ; --                              ; --               ;
; IP_TOOL_ENV                         ; Qsys                                                                                                 ; --            ; NIOS2                           ; --               ;
; IP_TOOL_ENV                         ; Qsys                                                                                                 ; --            ; NIOS2_CNT_IRQ                   ; --               ;
; IP_TOOL_ENV                         ; Qsys                                                                                                 ; --            ; NIOS2_KEY                       ; --               ;
; IP_TOOL_ENV                         ; Qsys                                                                                                 ; --            ; NIOS2_RAM_WREN                  ; --               ;
; IP_TOOL_ENV                         ; Qsys                                                                                                 ; --            ; NIOS2_addr_router               ; --               ;
; IP_TOOL_ENV                         ; Qsys                                                                                                 ; --            ; NIOS2_addr_router_001           ; --               ;
; IP_TOOL_ENV                         ; Qsys                                                                                                 ; --            ; NIOS2_cmd_xbar_demux            ; --               ;
; IP_TOOL_ENV                         ; Qsys                                                                                                 ; --            ; NIOS2_cmd_xbar_demux_001        ; --               ;
; IP_TOOL_ENV                         ; Qsys                                                                                                 ; --            ; NIOS2_cmd_xbar_mux              ; --               ;
; IP_TOOL_ENV                         ; Qsys                                                                                                 ; --            ; NIOS2_epcs_flash                ; --               ;
; IP_TOOL_ENV                         ; Qsys                                                                                                 ; --            ; NIOS2_id_router                 ; --               ;
; IP_TOOL_ENV                         ; Qsys                                                                                                 ; --            ; NIOS2_id_router_001             ; --               ;
; IP_TOOL_ENV                         ; Qsys                                                                                                 ; --            ; NIOS2_id_router_003             ; --               ;
; IP_TOOL_ENV                         ; Qsys                                                                                                 ; --            ; NIOS2_irq_mapper                ; --               ;
; IP_TOOL_ENV                         ; Qsys                                                                                                 ; --            ; NIOS2_jtag                      ; --               ;
; IP_TOOL_ENV                         ; Qsys                                                                                                 ; --            ; NIOS2_nios2                     ; --               ;
; IP_TOOL_ENV                         ; Qsys                                                                                                 ; --            ; NIOS2_rsp_xbar_demux            ; --               ;
; IP_TOOL_ENV                         ; Qsys                                                                                                 ; --            ; NIOS2_rsp_xbar_demux_003        ; --               ;
; IP_TOOL_ENV                         ; Qsys                                                                                                 ; --            ; NIOS2_rsp_xbar_mux              ; --               ;
; IP_TOOL_ENV                         ; Qsys                                                                                                 ; --            ; NIOS2_rsp_xbar_mux_001          ; --               ;
; IP_TOOL_ENV                         ; Qsys                                                                                                 ; --            ; NIOS2_sdram                     ; --               ;
; IP_TOOL_ENV                         ; Qsys                                                                                                 ; --            ; NIOS2_sysid                     ; --               ;
; IP_TOOL_ENV                         ; Qsys                                                                                                 ; --            ; NIOS2_timer                     ; --               ;
; IP_TOOL_ENV                         ; Qsys                                                                                                 ; --            ; NIOS2_trig_d                    ; --               ;
; IP_TOOL_ENV                         ; Qsys                                                                                                 ; --            ; NIOS2_wren                      ; --               ;
; IP_TOOL_ENV                         ; Qsys                                                                                                 ; --            ; altera_avalon_sc_fifo           ; --               ;
; IP_TOOL_ENV                         ; Qsys                                                                                                 ; --            ; altera_merlin_burst_adapter     ; --               ;
; IP_TOOL_ENV                         ; Qsys                                                                                                 ; --            ; altera_merlin_master_agent      ; --               ;
; IP_TOOL_ENV                         ; Qsys                                                                                                 ; --            ; altera_merlin_master_translator ; --               ;
; IP_TOOL_ENV                         ; Qsys                                                                                                 ; --            ; altera_merlin_slave_agent       ; --               ;
; IP_TOOL_ENV                         ; Qsys                                                                                                 ; --            ; altera_merlin_slave_translator  ; --               ;
; IP_TOOL_ENV                         ; Qsys                                                                                                 ; --            ; altera_merlin_traffic_limiter   ; --               ;
; IP_TOOL_ENV                         ; Qsys                                                                                                 ; --            ; altera_merlin_width_adapter     ; --               ;
; IP_TOOL_ENV                         ; Qsys                                                                                                 ; --            ; altera_reset_controller         ; --               ;
; IP_TOOL_NAME                        ; ALTPLL                                                                                               ; --            ; --                              ; --               ;
; IP_TOOL_NAME                        ; ROM: 1-PORT                                                                                          ; --            ; --                              ; --               ;
; IP_TOOL_NAME                        ; RAM: 2-PORT                                                                                          ; --            ; --                              ; --               ;
; IP_TOOL_NAME                        ; ALTPLL                                                                                               ; --            ; --                              ; --               ;
; IP_TOOL_NAME                        ; ALTCLKCTRL                                                                                           ; --            ; --                              ; --               ;
; IP_TOOL_NAME                        ; ALTCLKCTRL                                                                                           ; --            ; --                              ; --               ;
; IP_TOOL_NAME                        ; RAM: 2-PORT                                                                                          ; --            ; --                              ; --               ;
; IP_TOOL_NAME                        ; Qsys                                                                                                 ; --            ; NIOS2                           ; --               ;
; IP_TOOL_NAME                        ; altera_avalon_pio                                                                                    ; --            ; NIOS2_CNT_IRQ                   ; --               ;
; IP_TOOL_NAME                        ; altera_avalon_pio                                                                                    ; --            ; NIOS2_KEY                       ; --               ;
; IP_TOOL_NAME                        ; altera_avalon_pio                                                                                    ; --            ; NIOS2_RAM_WREN                  ; --               ;
; IP_TOOL_NAME                        ; altera_merlin_router                                                                                 ; --            ; NIOS2_addr_router               ; --               ;
; IP_TOOL_NAME                        ; altera_merlin_router                                                                                 ; --            ; NIOS2_addr_router_001           ; --               ;
; IP_TOOL_NAME                        ; altera_merlin_demultiplexer                                                                          ; --            ; NIOS2_cmd_xbar_demux            ; --               ;
; IP_TOOL_NAME                        ; altera_merlin_demultiplexer                                                                          ; --            ; NIOS2_cmd_xbar_demux_001        ; --               ;
; IP_TOOL_NAME                        ; altera_merlin_multiplexer                                                                            ; --            ; NIOS2_cmd_xbar_mux              ; --               ;
; IP_TOOL_NAME                        ; altera_avalon_epcs_flash_controller                                                                  ; --            ; NIOS2_epcs_flash                ; --               ;
; IP_TOOL_NAME                        ; altera_merlin_router                                                                                 ; --            ; NIOS2_id_router                 ; --               ;
; IP_TOOL_NAME                        ; altera_merlin_router                                                                                 ; --            ; NIOS2_id_router_001             ; --               ;
; IP_TOOL_NAME                        ; altera_merlin_router                                                                                 ; --            ; NIOS2_id_router_003             ; --               ;
; IP_TOOL_NAME                        ; altera_irq_mapper                                                                                    ; --            ; NIOS2_irq_mapper                ; --               ;
; IP_TOOL_NAME                        ; altera_avalon_jtag_uart                                                                              ; --            ; NIOS2_jtag                      ; --               ;
; IP_TOOL_NAME                        ; altera_nios2_qsys                                                                                    ; --            ; NIOS2_nios2                     ; --               ;
; IP_TOOL_NAME                        ; altera_merlin_demultiplexer                                                                          ; --            ; NIOS2_rsp_xbar_demux            ; --               ;
; IP_TOOL_NAME                        ; altera_merlin_demultiplexer                                                                          ; --            ; NIOS2_rsp_xbar_demux_003        ; --               ;
; IP_TOOL_NAME                        ; altera_merlin_multiplexer                                                                            ; --            ; NIOS2_rsp_xbar_mux              ; --               ;
; IP_TOOL_NAME                        ; altera_merlin_multiplexer                                                                            ; --            ; NIOS2_rsp_xbar_mux_001          ; --               ;
; IP_TOOL_NAME                        ; altera_avalon_new_sdram_controller                                                                   ; --            ; NIOS2_sdram                     ; --               ;
; IP_TOOL_NAME                        ; altera_avalon_sysid_qsys                                                                             ; --            ; NIOS2_sysid                     ; --               ;
; IP_TOOL_NAME                        ; altera_avalon_timer                                                                                  ; --            ; NIOS2_timer                     ; --               ;
; IP_TOOL_NAME                        ; altera_avalon_pio                                                                                    ; --            ; NIOS2_trig_d                    ; --               ;
; IP_TOOL_NAME                        ; altera_avalon_pio                                                                                    ; --            ; NIOS2_wren                      ; --               ;
; IP_TOOL_NAME                        ; altera_avalon_sc_fifo                                                                                ; --            ; altera_avalon_sc_fifo           ; --               ;
; IP_TOOL_NAME                        ; altera_merlin_burst_adapter                                                                          ; --            ; altera_merlin_burst_adapter     ; --               ;
; IP_TOOL_NAME                        ; altera_merlin_master_agent                                                                           ; --            ; altera_merlin_master_agent      ; --               ;
; IP_TOOL_NAME                        ; altera_merlin_master_translator                                                                      ; --            ; altera_merlin_master_translator ; --               ;
; IP_TOOL_NAME                        ; altera_merlin_slave_agent                                                                            ; --            ; altera_merlin_slave_agent       ; --               ;
; IP_TOOL_NAME                        ; altera_merlin_slave_translator                                                                       ; --            ; altera_merlin_slave_translator  ; --               ;
; IP_TOOL_NAME                        ; altera_merlin_traffic_limiter                                                                        ; --            ; altera_merlin_traffic_limiter   ; --               ;
; IP_TOOL_NAME                        ; altera_merlin_width_adapter                                                                          ; --            ; altera_merlin_width_adapter     ; --               ;
; IP_TOOL_NAME                        ; altera_reset_controller                                                                              ; --            ; altera_reset_controller         ; --               ;
; IP_TOOL_VERSION                     ; 13.0                                                                                                 ; --            ; --                              ; --               ;
; IP_TOOL_VERSION                     ; 13.0                                                                                                 ; --            ; --                              ; --               ;
; IP_TOOL_VERSION                     ; 13.0                                                                                                 ; --            ; --                              ; --               ;
; IP_TOOL_VERSION                     ; 13.0                                                                                                 ; --            ; --                              ; --               ;
; IP_TOOL_VERSION                     ; 13.0                                                                                                 ; --            ; --                              ; --               ;
; IP_TOOL_VERSION                     ; 13.0                                                                                                 ; --            ; --                              ; --               ;
; IP_TOOL_VERSION                     ; 13.0                                                                                                 ; --            ; --                              ; --               ;
; IP_TOOL_VERSION                     ; 13.0                                                                                                 ; --            ; NIOS2                           ; --               ;
; IP_TOOL_VERSION                     ; 13.0.1                                                                                               ; --            ; NIOS2_CNT_IRQ                   ; --               ;
; IP_TOOL_VERSION                     ; 13.0.1                                                                                               ; --            ; NIOS2_KEY                       ; --               ;
; IP_TOOL_VERSION                     ; 13.0.1                                                                                               ; --            ; NIOS2_RAM_WREN                  ; --               ;
; IP_TOOL_VERSION                     ; 13.0                                                                                                 ; --            ; NIOS2_addr_router               ; --               ;
; IP_TOOL_VERSION                     ; 13.0                                                                                                 ; --            ; NIOS2_addr_router_001           ; --               ;
; IP_TOOL_VERSION                     ; 13.0                                                                                                 ; --            ; NIOS2_cmd_xbar_demux            ; --               ;
; IP_TOOL_VERSION                     ; 13.0                                                                                                 ; --            ; NIOS2_cmd_xbar_demux_001        ; --               ;
; IP_TOOL_VERSION                     ; 13.0                                                                                                 ; --            ; NIOS2_cmd_xbar_mux              ; --               ;
; IP_TOOL_VERSION                     ; 13.0.1                                                                                               ; --            ; NIOS2_epcs_flash                ; --               ;
; IP_TOOL_VERSION                     ; 13.0                                                                                                 ; --            ; NIOS2_id_router                 ; --               ;
; IP_TOOL_VERSION                     ; 13.0                                                                                                 ; --            ; NIOS2_id_router_001             ; --               ;
; IP_TOOL_VERSION                     ; 13.0                                                                                                 ; --            ; NIOS2_id_router_003             ; --               ;
; IP_TOOL_VERSION                     ; 13.0                                                                                                 ; --            ; NIOS2_irq_mapper                ; --               ;
; IP_TOOL_VERSION                     ; 13.0.1                                                                                               ; --            ; NIOS2_jtag                      ; --               ;
; IP_TOOL_VERSION                     ; 13.0                                                                                                 ; --            ; NIOS2_nios2                     ; --               ;
; IP_TOOL_VERSION                     ; 13.0                                                                                                 ; --            ; NIOS2_rsp_xbar_demux            ; --               ;
; IP_TOOL_VERSION                     ; 13.0                                                                                                 ; --            ; NIOS2_rsp_xbar_demux_003        ; --               ;
; IP_TOOL_VERSION                     ; 13.0                                                                                                 ; --            ; NIOS2_rsp_xbar_mux              ; --               ;
; IP_TOOL_VERSION                     ; 13.0                                                                                                 ; --            ; NIOS2_rsp_xbar_mux_001          ; --               ;
; IP_TOOL_VERSION                     ; 13.0.1                                                                                               ; --            ; NIOS2_sdram                     ; --               ;
; IP_TOOL_VERSION                     ; 13.0                                                                                                 ; --            ; NIOS2_sysid                     ; --               ;
; IP_TOOL_VERSION                     ; 13.0.1                                                                                               ; --            ; NIOS2_timer                     ; --               ;
; IP_TOOL_VERSION                     ; 13.0.1                                                                                               ; --            ; NIOS2_trig_d                    ; --               ;
; IP_TOOL_VERSION                     ; 13.0.1                                                                                               ; --            ; NIOS2_wren                      ; --               ;
; IP_TOOL_VERSION                     ; 13.0                                                                                                 ; --            ; altera_avalon_sc_fifo           ; --               ;
; IP_TOOL_VERSION                     ; 13.0                                                                                                 ; --            ; altera_merlin_burst_adapter     ; --               ;
; IP_TOOL_VERSION                     ; 13.0                                                                                                 ; --            ; altera_merlin_master_agent      ; --               ;
; IP_TOOL_VERSION                     ; 13.0                                                                                                 ; --            ; altera_merlin_master_translator ; --               ;
; IP_TOOL_VERSION                     ; 13.0                                                                                                 ; --            ; altera_merlin_slave_agent       ; --               ;
; IP_TOOL_VERSION                     ; 13.0                                                                                                 ; --            ; altera_merlin_slave_translator  ; --               ;
; IP_TOOL_VERSION                     ; 13.0                                                                                                 ; --            ; altera_merlin_traffic_limiter   ; --               ;
; IP_TOOL_VERSION                     ; 13.0                                                                                                 ; --            ; altera_merlin_width_adapter     ; --               ;
; IP_TOOL_VERSION                     ; 13.0                                                                                                 ; --            ; altera_reset_controller         ; --               ;
; MAX_CORE_JUNCTION_TEMP              ; 85                                                                                                   ; --            ; --                              ; --               ;
; MIN_CORE_JUNCTION_TEMP              ; 0                                                                                                    ; --            ; --                              ; --               ;
; MISC_FILE                           ; NIOS2/synthesis/../../NIOS2.cmp                                                                      ; --            ; --                              ; --               ;
; MISC_FILE                           ; NIOS2/synthesis/../../NIOS2.qsys                                                                     ; --            ; --                              ; --               ;
; MISC_FILE                           ; PLL1.bsf                                                                                             ; --            ; --                              ; --               ;
; MISC_FILE                           ; PLL1_bb.v                                                                                            ; --            ; --                              ; --               ;
; MISC_FILE                           ; PLL1.ppf                                                                                             ; --            ; --                              ; --               ;
; MISC_FILE                           ; DDS_ROM.bsf                                                                                          ; --            ; --                              ; --               ;
; MISC_FILE                           ; DDS_ROM_bb.v                                                                                         ; --            ; --                              ; --               ;
; MISC_FILE                           ; RAM2.bsf                                                                                             ; --            ; --                              ; --               ;
; MISC_FILE                           ; RAM2_bb.v                                                                                            ; --            ; --                              ; --               ;
; MISC_FILE                           ; PLL2.bsf                                                                                             ; --            ; --                              ; --               ;
; MISC_FILE                           ; PLL2_bb.v                                                                                            ; --            ; --                              ; --               ;
; MISC_FILE                           ; PLL2.ppf                                                                                             ; --            ; --                              ; --               ;
; MISC_FILE                           ; CLKCT.bsf                                                                                            ; --            ; --                              ; --               ;
; MISC_FILE                           ; CLKCT_bb.v                                                                                           ; --            ; --                              ; --               ;
; MISC_FILE                           ; CLKCTRL.bsf                                                                                          ; --            ; --                              ; --               ;
; MISC_FILE                           ; CLKCTRL_bb.v                                                                                         ; --            ; --                              ; --               ;
; MISC_FILE                           ; DDS_2RAM.bsf                                                                                         ; --            ; --                              ; --               ;
; MISC_FILE                           ; DDS_2RAM_bb.v                                                                                        ; --            ; --                              ; --               ;
; PARTITION_COLOR                     ; 16764057                                                                                             ; --            ; --                              ; Top              ;
; PARTITION_FITTER_PRESERVATION_LEVEL ; PLACEMENT_AND_ROUTING                                                                                ; --            ; --                              ; Top              ;
; PARTITION_NETLIST_TYPE              ; SOURCE                                                                                               ; --            ; --                              ; Top              ;
; PROJECT_OUTPUT_DIRECTORY            ; output_files                                                                                         ; --            ; --                              ; --               ;
; SLD_FILE                            ; F:/Qsys/DSO_2014_1/stp1_auto_stripped.stp                                                            ; --            ; --                              ; --               ;
; SLD_INFO                            ; QSYS_NAME NIOS2 HAS_SOPCINFO 1 GENERATION_ID 1400146849                                              ; --            ; NIOS2                           ; --               ;
; SLD_NODE_CREATOR_ID                 ; 110                                                                                                  ; --            ; --                              ; auto_signaltap_0 ;
; SLD_NODE_ENTITY_NAME                ; sld_signaltap                                                                                        ; --            ; --                              ; auto_signaltap_0 ;
; SLD_NODE_PARAMETER_ASSIGNMENT       ; SLD_NODE_INFO=805334528                                                                              ; --            ; --                              ; auto_signaltap_0 ;
; SLD_NODE_PARAMETER_ASSIGNMENT       ; SLD_POWER_UP_TRIGGER=0                                                                               ; --            ; --                              ; auto_signaltap_0 ;
; SLD_NODE_PARAMETER_ASSIGNMENT       ; SLD_STORAGE_QUALIFIER_INVERSION_MASK_LENGTH=0                                                        ; --            ; --                              ; auto_signaltap_0 ;
; SLD_NODE_PARAMETER_ASSIGNMENT       ; SLD_ATTRIBUTE_MEM_MODE=OFF                                                                           ; --            ; --                              ; auto_signaltap_0 ;
; SLD_NODE_PARAMETER_ASSIGNMENT       ; SLD_STATE_FLOW_USE_GENERATED=0                                                                       ; --            ; --                              ; auto_signaltap_0 ;
; SLD_NODE_PARAMETER_ASSIGNMENT       ; SLD_STATE_BITS=11                                                                                    ; --            ; --                              ; auto_signaltap_0 ;
; SLD_NODE_PARAMETER_ASSIGNMENT       ; SLD_BUFFER_FULL_STOP=1                                                                               ; --            ; --                              ; auto_signaltap_0 ;
; SLD_NODE_PARAMETER_ASSIGNMENT       ; SLD_CURRENT_RESOURCE_WIDTH=1                                                                         ; --            ; --                              ; auto_signaltap_0 ;
; SLD_NODE_PARAMETER_ASSIGNMENT       ; SLD_TRIGGER_LEVEL=1                                                                                  ; --            ; --                              ; auto_signaltap_0 ;
; SLD_NODE_PARAMETER_ASSIGNMENT       ; SLD_TRIGGER_IN_ENABLED=0                                                                             ; --            ; --                              ; auto_signaltap_0 ;
; SLD_NODE_PARAMETER_ASSIGNMENT       ; SLD_ADVANCED_TRIGGER_ENTITY=basic,1,                                                                 ; --            ; --                              ; auto_signaltap_0 ;
; SLD_NODE_PARAMETER_ASSIGNMENT       ; SLD_TRIGGER_LEVEL_PIPELINE=1                                                                         ; --            ; --                              ; auto_signaltap_0 ;
; SLD_NODE_PARAMETER_ASSIGNMENT       ; SLD_ENABLE_ADVANCED_TRIGGER=0                                                                        ; --            ; --                              ; auto_signaltap_0 ;
; SLD_NODE_PARAMETER_ASSIGNMENT       ; SLD_SEGMENT_SIZE=1024                                                                                ; --            ; --                              ; auto_signaltap_0 ;
; SLD_NODE_PARAMETER_ASSIGNMENT       ; SLD_SAMPLE_DEPTH=1024                                                                                ; --            ; --                              ; auto_signaltap_0 ;
; SLD_NODE_PARAMETER_ASSIGNMENT       ; SLD_DATA_BITS=19                                                                                     ; --            ; --                              ; auto_signaltap_0 ;
; SLD_NODE_PARAMETER_ASSIGNMENT       ; SLD_TRIGGER_BITS=19                                                                                  ; --            ; --                              ; auto_signaltap_0 ;
; SLD_NODE_PARAMETER_ASSIGNMENT       ; SLD_INVERSION_MASK=000000000000000000000000000000000000000000000000000000000000000000000000000000000 ; --            ; --                              ; auto_signaltap_0 ;
; SLD_NODE_PARAMETER_ASSIGNMENT       ; SLD_INVERSION_MASK_LENGTH=81                                                                         ; --            ; --                              ; auto_signaltap_0 ;
; SLD_NODE_PARAMETER_ASSIGNMENT       ; SLD_NODE_CRC_LOWORD=25248                                                                            ; --            ; --                              ; auto_signaltap_0 ;
; SLD_NODE_PARAMETER_ASSIGNMENT       ; SLD_NODE_CRC_HIWORD=14278                                                                            ; --            ; --                              ; auto_signaltap_0 ;
; SMART_RECOMPILE                     ; On                                                                                                   ; Off           ; --                              ; --               ;
; SOPCINFO_FILE                       ; NIOS2/synthesis/../../NIOS2.sopcinfo                                                                 ; --            ; --                              ; --               ;
; SYNTHESIS_ONLY_QIP                  ; On                                                                                                   ; --            ; --                              ; --               ;
; USE_SIGNALTAP_FILE                  ; stp1.stp                                                                                             ; --            ; --                              ; --               ;
+-------------------------------------+------------------------------------------------------------------------------------------------------+---------------+---------------------------------+------------------+


+-------------------------------------------------------------------------------------------------------------------------------+
; Flow Elapsed Time                                                                                                             ;
+---------------------------+--------------+-------------------------+---------------------+------------------------------------+
; Module Name               ; Elapsed Time ; Average Processors Used ; Peak Virtual Memory ; Total CPU Time (on all processors) ;
+---------------------------+--------------+-------------------------+---------------------+------------------------------------+
; Analysis & Synthesis      ; 00:01:23     ; 1.0                     ; 722 MB              ; 00:01:16                           ;
; Fitter                    ; 00:00:56     ; 1.2                     ; 907 MB              ; 00:01:06                           ;
; Assembler                 ; 00:00:06     ; 1.0                     ; 455 MB              ; 00:00:05                           ;
; TimeQuest Timing Analyzer ; 00:00:05     ; 1.0                     ; 511 MB              ; 00:00:05                           ;
; EDA Netlist Writer        ; 00:00:09     ; 1.0                     ; 482 MB              ; 00:00:09                           ;
; Total                     ; 00:02:39     ; --                      ; --                  ; 00:02:41                           ;
+---------------------------+--------------+-------------------------+---------------------+------------------------------------+


+----------------------------------------------------------------------------------------+
; Flow OS Summary                                                                        ;
+---------------------------+------------------+-----------+------------+----------------+
; Module Name               ; Machine Hostname ; OS Name   ; OS Version ; Processor type ;
+---------------------------+------------------+-----------+------------+----------------+
; Analysis & Synthesis      ; qin-PC           ; Windows 7 ; 6.1        ; x86_64         ;
; Fitter                    ; qin-PC           ; Windows 7 ; 6.1        ; x86_64         ;
; Assembler                 ; qin-PC           ; Windows 7 ; 6.1        ; x86_64         ;
; TimeQuest Timing Analyzer ; qin-PC           ; Windows 7 ; 6.1        ; x86_64         ;
; EDA Netlist Writer        ; qin-PC           ; Windows 7 ; 6.1        ; x86_64         ;
+---------------------------+------------------+-----------+------------+----------------+


------------
; Flow Log ;
------------
quartus_map --read_settings_files=on --write_settings_files=off DSO -c DSO
quartus_fit --read_settings_files=off --write_settings_files=off DSO -c DSO
quartus_asm --read_settings_files=off --write_settings_files=off DSO -c DSO
quartus_sta DSO -c DSO
quartus_eda --read_settings_files=off --write_settings_files=off DSO -c DSO



