Info: Starting: Create block symbol file (.bsf)
Info: ip-generate --project-directory=F:/Qsys/DSO_2014_1/ --output-directory=F:/Qsys/DSO_2014_1/NIOS2/ --report-file=bsf:F:/Qsys/DSO_2014_1/NIOS2.bsf --system-info=DEVICE_FAMILY="Cyclone II" --system-info=DEVICE=EP2C8Q208C8 --system-info=DEVICE_SPEEDGRADE=8 --component-file=F:/Qsys/DSO_2014_1/NIOS2.qsys
Progress: Loading DSO_2014_1/NIOS2.qsys
Progress: Reading input file
Progress: Adding clk [clock_source 13.0]
Progress: Parameterizing module clk
Progress: Adding nios2 [altera_nios2_qsys 13.0]
Progress: Parameterizing module nios2
Progress: Adding sysid [altera_avalon_sysid_qsys 13.0]
Progress: Parameterizing module sysid
Progress: Adding epcs_flash [altera_avalon_epcs_flash_controller 13.0.1]
Progress: Parameterizing module epcs_flash
Progress: Adding jtag [altera_avalon_jtag_uart 13.0.1]
Progress: Parameterizing module jtag
Progress: Adding sdram [altera_avalon_new_sdram_controller 13.0.1]
Progress: Parameterizing module sdram
Progress: Adding timer [altera_avalon_timer 13.0.1]
Progress: Parameterizing module timer
Progress: Adding LED [LED_OUT 1.0]
Progress: Parameterizing module LED
Progress: Adding SSD1298 [TFT_IP 1.0]
Progress: Parameterizing module SSD1298
Progress: Adding KEY [altera_avalon_pio 13.0.1]
Progress: Parameterizing module KEY
Progress: Adding RAM_READ [RAM_READ 1.0]
Progress: Parameterizing module RAM_READ
Progress: Adding RAM_WREN [altera_avalon_pio 13.0.1]
Progress: Parameterizing module RAM_WREN
Progress: Adding CNT_EN [altera_avalon_pio 13.0.1]
Progress: Parameterizing module CNT_EN
Progress: Adding CNT_IRQ [altera_avalon_pio 13.0.1]
Progress: Parameterizing module CNT_IRQ
Progress: Adding trig_s [altera_avalon_pio 13.0.1]
Progress: Parameterizing module trig_s
Progress: Adding trig_d [altera_avalon_pio 13.0.1]
Progress: Parameterizing module trig_d
Progress: Adding SPI [Touch_SPI 1.0]
Progress: Parameterizing module SPI
Progress: Adding dds [DDS_48_IP 1.0]
Progress: Parameterizing module dds
Progress: Adding djd [freq_ms_djd 1.0]
Progress: Parameterizing module djd
Progress: Adding RAM_WR [RAM_WRITE 1.0]
Progress: Parameterizing module RAM_WR
Progress: Adding DIV [DIV_IP 1.0]
Progress: Parameterizing module DIV
Progress: Building connections
Progress: Parameterizing connections
Progress: Validating
Progress: Done reading input file
Info: NIOS2.sysid: System ID is not assigned automatically. Edit the System ID parameter to provide a unique ID
Info: NIOS2.sysid: Time stamp will be automatically updated when this component is generated.
Info: NIOS2.KEY: PIO inputs are not hardwired in test bench. Undefined values will be read from PIO inputs during simulation.
Info: NIOS2.CNT_IRQ: PIO inputs are not hardwired in test bench. Undefined values will be read from PIO inputs during simulation.
Info: ip-generate succeeded.
Info: Finished: Create block symbol file (.bsf)
Info: 
Info: Starting: Create HDL design files for synthesis
Info: ip-generate --project-directory=F:/Qsys/DSO_2014_1/ --output-directory=F:/Qsys/DSO_2014_1/NIOS2/synthesis/ --file-set=QUARTUS_SYNTH --report-file=sopcinfo:F:/Qsys/DSO_2014_1/NIOS2.sopcinfo --report-file=html:F:/Qsys/DSO_2014_1/NIOS2.html --report-file=qip:F:/Qsys/DSO_2014_1/NIOS2/synthesis/NIOS2.qip --report-file=cmp:F:/Qsys/DSO_2014_1/NIOS2.cmp --system-info=DEVICE_FAMILY="Cyclone II" --system-info=DEVICE=EP2C8Q208C8 --system-info=DEVICE_SPEEDGRADE=8 --component-file=F:/Qsys/DSO_2014_1/NIOS2.qsys --language=VERILOG
Progress: Loading DSO_2014_1/NIOS2.qsys
Progress: Reading input file
Progress: Adding clk [clock_source 13.0]
Progress: Parameterizing module clk
Progress: Adding nios2 [altera_nios2_qsys 13.0]
Progress: Parameterizing module nios2
Progress: Adding sysid [altera_avalon_sysid_qsys 13.0]
Progress: Parameterizing module sysid
Progress: Adding epcs_flash [altera_avalon_epcs_flash_controller 13.0.1]
Progress: Parameterizing module epcs_flash
Progress: Adding jtag [altera_avalon_jtag_uart 13.0.1]
Progress: Parameterizing module jtag
Progress: Adding sdram [altera_avalon_new_sdram_controller 13.0.1]
Progress: Parameterizing module sdram
Progress: Adding timer [altera_avalon_timer 13.0.1]
Progress: Parameterizing module timer
Progress: Adding LED [LED_OUT 1.0]
Progress: Parameterizing module LED
Progress: Adding SSD1298 [TFT_IP 1.0]
Progress: Parameterizing module SSD1298
Progress: Adding KEY [altera_avalon_pio 13.0.1]
Progress: Parameterizing module KEY
Progress: Adding RAM_READ [RAM_READ 1.0]
Progress: Parameterizing module RAM_READ
Progress: Adding RAM_WREN [altera_avalon_pio 13.0.1]
Progress: Parameterizing module RAM_WREN
Progress: Adding CNT_EN [altera_avalon_pio 13.0.1]
Progress: Parameterizing module CNT_EN
Progress: Adding CNT_IRQ [altera_avalon_pio 13.0.1]
Progress: Parameterizing module CNT_IRQ
Progress: Adding trig_s [altera_avalon_pio 13.0.1]
Progress: Parameterizing module trig_s
Progress: Adding trig_d [altera_avalon_pio 13.0.1]
Progress: Parameterizing module trig_d
Progress: Adding SPI [Touch_SPI 1.0]
Progress: Parameterizing module SPI
Progress: Adding dds [DDS_48_IP 1.0]
Progress: Parameterizing module dds
Progress: Adding djd [freq_ms_djd 1.0]
Progress: Parameterizing module djd
Progress: Adding RAM_WR [RAM_WRITE 1.0]
Progress: Parameterizing module RAM_WR
Progress: Adding DIV [DIV_IP 1.0]
Progress: Parameterizing module DIV
Progress: Building connections
Progress: Parameterizing connections
Progress: Validating
Progress: Done reading input file
Info: NIOS2.sysid: System ID is not assigned automatically. Edit the System ID parameter to provide a unique ID
Info: NIOS2.sysid: Time stamp will be automatically updated when this component is generated.
Info: NIOS2.KEY: PIO inputs are not hardwired in test bench. Undefined values will be read from PIO inputs during simulation.
Info: NIOS2.CNT_IRQ: PIO inputs are not hardwired in test bench. Undefined values will be read from PIO inputs during simulation.
Info: NIOS2: Generating NIOS2 "NIOS2" for QUARTUS_SYNTH
Info: pipeline_bridge_swap_transform: After transform: 21 modules, 86 connections
Info: No custom instruction connections, skipping transform 
Info: merlin_translator_transform: After transform: 43 modules, 174 connections
Info: merlin_domain_transform: After transform: 87 modules, 473 connections
Info: merlin_router_transform: After transform: 109 modules, 561 connections
Info: merlin_traffic_limiter_transform: After transform: 111 modules, 571 connections
Info: merlin_burst_transform: After transform: 112 modules, 575 connections
Info: reset_adaptation_transform: After transform: 113 modules, 446 connections
Info: merlin_network_to_switch_transform: After transform: 156 modules, 536 connections
Info: merlin_width_transform: After transform: 158 modules, 542 connections
Info: limiter_update_transform: After transform: 158 modules, 544 connections
Info: merlin_mm_transform: After transform: 158 modules, 544 connections
Info: merlin_interrupt_mapper_transform: After transform: 159 modules, 547 connections
Warning: NIOS2: "No matching role found for epcs_flash:epcs_control_port:endofpacket (endofpacket)"
Warning: NIOS2: "No matching role found for epcs_flash:epcs_control_port:dataavailable (dataavailable)"
Warning: NIOS2: "No matching role found for epcs_flash:epcs_control_port:readyfordata (readyfordata)"
Info: nios2: Starting RTL generation for module 'NIOS2_nios2'
Info: nios2:   Generation command is [exec C:/altera/13.0/quartus/../ip/altera/nios2_ip/altera_nios2/eperl.exe -I C:/altera/13.0/quartus/common/ip/altera/common/perl/5.8.3 -I C:/altera/13.0/quartus/sopc_builder/bin/europa -I C:/altera/13.0/quartus/sopc_builder/bin/perl_lib -I C:/altera/13.0/quartus/sopc_builder/bin -I C:/altera/13.0/quartus/../ip/altera/nios2_ip/altera_nios2/cpu_lib -I C:/altera/13.0/quartus/../ip/altera/nios2_ip/altera_nios2/nios_lib -I C:/altera/13.0/quartus/../ip/altera/nios2_ip/altera_nios2 -I C:/altera/13.0/quartus/../ip/altera/nios2_ip/altera_nios2 -- C:/altera/13.0/quartus/../ip/altera/nios2_ip/altera_nios2/generate_rtl.epl --name=NIOS2_nios2 --dir=C:/Users/qin/AppData/Local/Temp/alt6205_292434018379700206.dir/0002_nios2_gen/ --quartus_dir=C:/altera/13.0/quartus --verilog --config=C:/Users/qin/AppData/Local/Temp/alt6205_292434018379700206.dir/0002_nios2_gen//NIOS2_nios2_processor_configuration.pl  --do_build_sim=0    --bogus  ]
Info: nios2: # 2014.05.15 16:30:11 (*) Starting Nios II generation
Info: nios2: # 2014.05.15 16:30:11 (*)   Checking for plaintext license.
Info: nios2: # 2014.05.15 16:30:13 (*)   Plaintext license not found.
Info: nios2: # 2014.05.15 16:30:13 (*)   Checking for encrypted license (non-evaluation).
Info: nios2: # 2014.05.15 16:30:14 (*)   Encrypted license found.  SOF will not be time-limited.
Info: nios2: # 2014.05.15 16:30:14 (*)   Elaborating CPU configuration settings
Info: nios2: # 2014.05.15 16:30:14 (*)   Creating all objects for CPU
Info: nios2: # 2014.05.15 16:30:14 (*)     Testbench
Info: nios2: # 2014.05.15 16:30:15 (*)     Instruction decoding
Info: nios2: # 2014.05.15 16:30:15 (*)       Instruction fields
Info: nios2: # 2014.05.15 16:30:15 (*)       Instruction decodes
Info: nios2: # 2014.05.15 16:30:16 (*)       Signals for RTL simulation waveforms
Info: nios2: # 2014.05.15 16:30:16 (*)       Instruction controls
Info: nios2: # 2014.05.15 16:30:16 (*)     Pipeline frontend
Info: nios2: # 2014.05.15 16:30:17 (*)     Pipeline backend
Info: nios2: # 2014.05.15 16:30:22 (*)   Generating RTL from CPU objects
Info: nios2: # 2014.05.15 16:30:30 (*)   Creating encrypted RTL
Info: nios2: # 2014.05.15 16:30:32 (*) Done Nios II generation
Info: nios2: Done RTL generation for module 'NIOS2_nios2'
Info: nios2: "NIOS2" instantiated altera_nios2_qsys "nios2"
Info: sysid: "NIOS2" instantiated altera_avalon_sysid_qsys "sysid"
Info: epcs_flash: Starting RTL generation for module 'NIOS2_epcs_flash'
Info: epcs_flash:   Generation command is [exec C:/altera/13.0/quartus/bin/perl/bin/perl.exe -I C:/altera/13.0/quartus/common/ip/altera/common/perl/5.8.3 -I C:/altera/13.0/quartus/sopc_builder/bin/europa -I C:/altera/13.0/quartus/sopc_builder/bin/perl_lib -I C:/altera/13.0/quartus/sopc_builder/bin -I C:/altera/13.0/quartus/../ip/altera/sopc_builder_ip/common -I C:/altera/13.0/quartus/../ip/altera/sopc_builder_ip/altera_avalon_epcs_flash_controller -- C:/altera/13.0/quartus/../ip/altera/sopc_builder_ip/altera_avalon_epcs_flash_controller/generate_rtl.pl --name=NIOS2_epcs_flash --dir=C:/Users/qin/AppData/Local/Temp/alt6205_292434018379700206.dir/0004_epcs_flash_gen/ --quartus_dir=C:/altera/13.0/quartus --verilog --config=C:/Users/qin/AppData/Local/Temp/alt6205_292434018379700206.dir/0004_epcs_flash_gen//NIOS2_epcs_flash_component_configuration.pl  --do_build_sim=0  ]
Info: epcs_flash: Done RTL generation for module 'NIOS2_epcs_flash'
Info: epcs_flash: "NIOS2" instantiated altera_avalon_epcs_flash_controller "epcs_flash"
Info: jtag: Starting RTL generation for module 'NIOS2_jtag'
Info: jtag:   Generation command is [exec C:/altera/13.0/quartus/bin/perl/bin/perl.exe -I C:/altera/13.0/quartus/common/ip/altera/common/perl/5.8.3 -I C:/altera/13.0/quartus/sopc_builder/bin/europa -I C:/altera/13.0/quartus/sopc_builder/bin/perl_lib -I C:/altera/13.0/quartus/sopc_builder/bin -I C:/altera/13.0/quartus/../ip/altera/sopc_builder_ip/common -I C:/altera/13.0/quartus/../ip/altera/sopc_builder_ip/altera_avalon_jtag_uart -- C:/altera/13.0/quartus/../ip/altera/sopc_builder_ip/altera_avalon_jtag_uart/generate_rtl.pl --name=NIOS2_jtag --dir=C:/Users/qin/AppData/Local/Temp/alt6205_292434018379700206.dir/0005_jtag_gen/ --quartus_dir=C:/altera/13.0/quartus --verilog --config=C:/Users/qin/AppData/Local/Temp/alt6205_292434018379700206.dir/0005_jtag_gen//NIOS2_jtag_component_configuration.pl  --do_build_sim=0  ]
Info: jtag: Done RTL generation for module 'NIOS2_jtag'
Info: jtag: "NIOS2" instantiated altera_avalon_jtag_uart "jtag"
Info: sdram: Starting RTL generation for module 'NIOS2_sdram'
Info: sdram:   Generation command is [exec C:/altera/13.0/quartus/bin/perl/bin/perl.exe -I C:/altera/13.0/quartus/common/ip/altera/common/perl/5.8.3 -I C:/altera/13.0/quartus/sopc_builder/bin/europa -I C:/altera/13.0/quartus/sopc_builder/bin/perl_lib -I C:/altera/13.0/quartus/sopc_builder/bin -I C:/altera/13.0/quartus/../ip/altera/sopc_builder_ip/common -I C:/altera/13.0/quartus/../ip/altera/sopc_builder_ip/altera_avalon_new_sdram_controller -- C:/altera/13.0/quartus/../ip/altera/sopc_builder_ip/altera_avalon_new_sdram_controller/generate_rtl.pl --name=NIOS2_sdram --dir=C:/Users/qin/AppData/Local/Temp/alt6205_292434018379700206.dir/0006_sdram_gen/ --quartus_dir=C:/altera/13.0/quartus --verilog --config=C:/Users/qin/AppData/Local/Temp/alt6205_292434018379700206.dir/0006_sdram_gen//NIOS2_sdram_component_configuration.pl  --do_build_sim=0  ]
Info: sdram: Done RTL generation for module 'NIOS2_sdram'
Info: sdram: "NIOS2" instantiated altera_avalon_new_sdram_controller "sdram"
Info: timer: Starting RTL generation for module 'NIOS2_timer'
Info: timer:   Generation command is [exec C:/altera/13.0/quartus/bin/perl/bin/perl.exe -I C:/altera/13.0/quartus/common/ip/altera/common/perl/5.8.3 -I C:/altera/13.0/quartus/sopc_builder/bin/europa -I C:/altera/13.0/quartus/sopc_builder/bin/perl_lib -I C:/altera/13.0/quartus/sopc_builder/bin -I C:/altera/13.0/quartus/../ip/altera/sopc_builder_ip/common -I C:/altera/13.0/quartus/../ip/altera/sopc_builder_ip/altera_avalon_timer -- C:/altera/13.0/quartus/../ip/altera/sopc_builder_ip/altera_avalon_timer/generate_rtl.pl --name=NIOS2_timer --dir=C:/Users/qin/AppData/Local/Temp/alt6205_292434018379700206.dir/0007_timer_gen/ --quartus_dir=C:/altera/13.0/quartus --verilog --config=C:/Users/qin/AppData/Local/Temp/alt6205_292434018379700206.dir/0007_timer_gen//NIOS2_timer_component_configuration.pl  --do_build_sim=0  ]
Info: timer: Done RTL generation for module 'NIOS2_timer'
Info: timer: "NIOS2" instantiated altera_avalon_timer "timer"
Info: LED: "NIOS2" instantiated LED_OUT "LED"
Info: SSD1298: "NIOS2" instantiated TFT_IP "SSD1298"
Info: KEY: Starting RTL generation for module 'NIOS2_KEY'
Info: KEY:   Generation command is [exec C:/altera/13.0/quartus/bin/perl/bin/perl.exe -I C:/altera/13.0/quartus/common/ip/altera/common/perl/5.8.3 -I C:/altera/13.0/quartus/sopc_builder/bin/europa -I C:/altera/13.0/quartus/sopc_builder/bin/perl_lib -I C:/altera/13.0/quartus/sopc_builder/bin -I C:/altera/13.0/quartus/../ip/altera/sopc_builder_ip/common -I C:/altera/13.0/quartus/../ip/altera/sopc_builder_ip/altera_avalon_pio -- C:/altera/13.0/quartus/../ip/altera/sopc_builder_ip/altera_avalon_pio/generate_rtl.pl --name=NIOS2_KEY --dir=C:/Users/qin/AppData/Local/Temp/alt6205_292434018379700206.dir/0010_KEY_gen/ --quartus_dir=C:/altera/13.0/quartus --verilog --config=C:/Users/qin/AppData/Local/Temp/alt6205_292434018379700206.dir/0010_KEY_gen//NIOS2_KEY_component_configuration.pl  --do_build_sim=0  ]
Info: KEY: Done RTL generation for module 'NIOS2_KEY'
Info: KEY: "NIOS2" instantiated altera_avalon_pio "KEY"
Info: RAM_READ: "NIOS2" instantiated RAM_READ "RAM_READ"
Info: RAM_WREN: Starting RTL generation for module 'NIOS2_RAM_WREN'
Info: RAM_WREN:   Generation command is [exec C:/altera/13.0/quartus/bin/perl/bin/perl.exe -I C:/altera/13.0/quartus/common/ip/altera/common/perl/5.8.3 -I C:/altera/13.0/quartus/sopc_builder/bin/europa -I C:/altera/13.0/quartus/sopc_builder/bin/perl_lib -I C:/altera/13.0/quartus/sopc_builder/bin -I C:/altera/13.0/quartus/../ip/altera/sopc_builder_ip/common -I C:/altera/13.0/quartus/../ip/altera/sopc_builder_ip/altera_avalon_pio -- C:/altera/13.0/quartus/../ip/altera/sopc_builder_ip/altera_avalon_pio/generate_rtl.pl --name=NIOS2_RAM_WREN --dir=C:/Users/qin/AppData/Local/Temp/alt6205_292434018379700206.dir/0012_RAM_WREN_gen/ --quartus_dir=C:/altera/13.0/quartus --verilog --config=C:/Users/qin/AppData/Local/Temp/alt6205_292434018379700206.dir/0012_RAM_WREN_gen//NIOS2_RAM_WREN_component_configuration.pl  --do_build_sim=0  ]
Info: RAM_WREN: Done RTL generation for module 'NIOS2_RAM_WREN'
Info: RAM_WREN: "NIOS2" instantiated altera_avalon_pio "RAM_WREN"
Info: CNT_IRQ: Starting RTL generation for module 'NIOS2_CNT_IRQ'
Info: CNT_IRQ:   Generation command is [exec C:/altera/13.0/quartus/bin/perl/bin/perl.exe -I C:/altera/13.0/quartus/common/ip/altera/common/perl/5.8.3 -I C:/altera/13.0/quartus/sopc_builder/bin/europa -I C:/altera/13.0/quartus/sopc_builder/bin/perl_lib -I C:/altera/13.0/quartus/sopc_builder/bin -I C:/altera/13.0/quartus/../ip/altera/sopc_builder_ip/common -I C:/altera/13.0/quartus/../ip/altera/sopc_builder_ip/altera_avalon_pio -- C:/altera/13.0/quartus/../ip/altera/sopc_builder_ip/altera_avalon_pio/generate_rtl.pl --name=NIOS2_CNT_IRQ --dir=C:/Users/qin/AppData/Local/Temp/alt6205_292434018379700206.dir/0013_CNT_IRQ_gen/ --quartus_dir=C:/altera/13.0/quartus --verilog --config=C:/Users/qin/AppData/Local/Temp/alt6205_292434018379700206.dir/0013_CNT_IRQ_gen//NIOS2_CNT_IRQ_component_configuration.pl  --do_build_sim=0  ]
Info: CNT_IRQ: Done RTL generation for module 'NIOS2_CNT_IRQ'
Info: CNT_IRQ: "NIOS2" instantiated altera_avalon_pio "CNT_IRQ"
Info: trig_d: Starting RTL generation for module 'NIOS2_trig_d'
Info: trig_d:   Generation command is [exec C:/altera/13.0/quartus/bin/perl/bin/perl.exe -I C:/altera/13.0/quartus/common/ip/altera/common/perl/5.8.3 -I C:/altera/13.0/quartus/sopc_builder/bin/europa -I C:/altera/13.0/quartus/sopc_builder/bin/perl_lib -I C:/altera/13.0/quartus/sopc_builder/bin -I C:/altera/13.0/quartus/../ip/altera/sopc_builder_ip/common -I C:/altera/13.0/quartus/../ip/altera/sopc_builder_ip/altera_avalon_pio -- C:/altera/13.0/quartus/../ip/altera/sopc_builder_ip/altera_avalon_pio/generate_rtl.pl --name=NIOS2_trig_d --dir=C:/Users/qin/AppData/Local/Temp/alt6205_292434018379700206.dir/0014_trig_d_gen/ --quartus_dir=C:/altera/13.0/quartus --verilog --config=C:/Users/qin/AppData/Local/Temp/alt6205_292434018379700206.dir/0014_trig_d_gen//NIOS2_trig_d_component_configuration.pl  --do_build_sim=0  ]
Info: trig_d: Done RTL generation for module 'NIOS2_trig_d'
Info: trig_d: "NIOS2" instantiated altera_avalon_pio "trig_d"
Info: SPI: "NIOS2" instantiated Touch_SPI "SPI"
Info: dds: "NIOS2" instantiated DDS_48_IP "dds"
Info: djd: "NIOS2" instantiated freq_ms_djd "djd"
Info: RAM_WR: "NIOS2" instantiated RAM_WRITE "RAM_WR"
Info: DIV: "NIOS2" instantiated DIV_IP "DIV"
Info: nios2_instruction_master_translator: "NIOS2" instantiated altera_merlin_master_translator "nios2_instruction_master_translator"
Info: nios2_jtag_debug_module_translator: "NIOS2" instantiated altera_merlin_slave_translator "nios2_jtag_debug_module_translator"
Info: nios2_instruction_master_translator_avalon_universal_master_0_agent: "NIOS2" instantiated altera_merlin_master_agent "nios2_instruction_master_translator_avalon_universal_master_0_agent"
Info: nios2_jtag_debug_module_translator_avalon_universal_slave_0_agent: "NIOS2" instantiated altera_merlin_slave_agent "nios2_jtag_debug_module_translator_avalon_universal_slave_0_agent"
Info: nios2_jtag_debug_module_translator_avalon_universal_slave_0_agent_rsp_fifo: "NIOS2" instantiated altera_avalon_sc_fifo "nios2_jtag_debug_module_translator_avalon_universal_slave_0_agent_rsp_fifo"
Info: addr_router: "NIOS2" instantiated altera_merlin_router "addr_router"
Info: addr_router_001: "NIOS2" instantiated altera_merlin_router "addr_router_001"
Info: id_router: "NIOS2" instantiated altera_merlin_router "id_router"
Info: id_router_001: "NIOS2" instantiated altera_merlin_router "id_router_001"
Info: id_router_003: "NIOS2" instantiated altera_merlin_router "id_router_003"
Info: limiter: "NIOS2" instantiated altera_merlin_traffic_limiter "limiter"
Info: burst_adapter: "NIOS2" instantiated altera_merlin_burst_adapter "burst_adapter"
Info: rst_controller: "NIOS2" instantiated altera_reset_controller "rst_controller"
Info: cmd_xbar_demux: "NIOS2" instantiated altera_merlin_demultiplexer "cmd_xbar_demux"
Info: cmd_xbar_demux_001: "NIOS2" instantiated altera_merlin_demultiplexer "cmd_xbar_demux_001"
Info: cmd_xbar_mux: "NIOS2" instantiated altera_merlin_multiplexer "cmd_xbar_mux"
Info: rsp_xbar_demux: "NIOS2" instantiated altera_merlin_demultiplexer "rsp_xbar_demux"
Info: rsp_xbar_demux_003: "NIOS2" instantiated altera_merlin_demultiplexer "rsp_xbar_demux_003"
Info: rsp_xbar_mux: "NIOS2" instantiated altera_merlin_multiplexer "rsp_xbar_mux"
Info: Reusing file F:/Qsys/DSO_2014_1/NIOS2/synthesis/submodules/altera_merlin_arbitrator.sv
Info: rsp_xbar_mux_001: "NIOS2" instantiated altera_merlin_multiplexer "rsp_xbar_mux_001"
Info: Reusing file F:/Qsys/DSO_2014_1/NIOS2/synthesis/submodules/altera_merlin_arbitrator.sv
Info: width_adapter: "NIOS2" instantiated altera_merlin_width_adapter "width_adapter"
Info: Reusing file F:/Qsys/DSO_2014_1/NIOS2/synthesis/submodules/altera_merlin_address_alignment.sv
Info: Reusing file F:/Qsys/DSO_2014_1/NIOS2/synthesis/submodules/altera_merlin_burst_uncompressor.sv
Info: irq_mapper: "NIOS2" instantiated altera_irq_mapper "irq_mapper"
Info: NIOS2: Done NIOS2" with 41 modules, 187 files, 3924282 bytes
Info: ip-generate succeeded.
Info: Finished: Create HDL design files for synthesis
