Flow report for DDS
Thu Dec 05 18:21:21 2013
Quartus II 64-Bit Version 13.0.0 Build 156 04/24/2013 SJ Full Version


---------------------
; Table of Contents ;
---------------------
  1. Legal Notice
  2. Flow Summary
  3. Flow Settings
  4. Flow Non-Default Global Settings
  5. Flow Elapsed Time
  6. Flow OS Summary
  7. Flow Log
  8. Flow Messages
  9. Flow Suppressed Messages



----------------
; Legal Notice ;
----------------
Copyright (C) 1991-2013 Altera Corporation
Your use of Altera Corporation's design tools, logic functions 
and other software and tools, and its AMPP partner logic 
functions, and any output files from any of the foregoing 
(including device programming or simulation files), and any 
associated documentation or information are expressly subject 
to the terms and conditions of the Altera Program License 
Subscription Agreement, Altera MegaCore Function License 
Agreement, or other applicable license agreement, including, 
without limitation, that your use is for the sole purpose of 
programming logic devices manufactured by Altera and sold by 
Altera or its authorized distributors.  Please refer to the 
applicable agreement for further details.



+----------------------------------------------------------------------------------+
; Flow Summary                                                                     ;
+------------------------------------+---------------------------------------------+
; Flow Status                        ; Successful - Thu Dec 05 18:21:21 2013       ;
; Quartus II 64-Bit Version          ; 13.0.0 Build 156 04/24/2013 SJ Full Version ;
; Revision Name                      ; DDS                                         ;
; Top-level Entity Name              ; DDS                                         ;
; Family                             ; Cyclone II                                  ;
; Device                             ; EP2C8Q208C8                                 ;
; Timing Models                      ; Final                                       ;
; Total logic elements               ; 40 / 8,256 ( < 1 % )                        ;
;     Total combinational functions  ; 40 / 8,256 ( < 1 % )                        ;
;     Dedicated logic registers      ; 32 / 8,256 ( < 1 % )                        ;
; Total registers                    ; 32                                          ;
; Total pins                         ; 50 / 138 ( 36 % )                           ;
; Total virtual pins                 ; 0                                           ;
; Total memory bits                  ; 2,048 / 165,888 ( 1 % )                     ;
; Embedded Multiplier 9-bit elements ; 0 / 36 ( 0 % )                              ;
; Total PLLs                         ; 1 / 2 ( 50 % )                              ;
+------------------------------------+---------------------------------------------+


+-----------------------------------------+
; Flow Settings                           ;
+-------------------+---------------------+
; Option            ; Setting             ;
+-------------------+---------------------+
; Start date & time ; 12/05/2013 18:20:54 ;
; Main task         ; Compilation         ;
; Revision Name     ; DDS                 ;
+-------------------+---------------------+


+--------------------------------------------------------------------------------------------------------------------+
; Flow Non-Default Global Settings                                                                                   ;
+--------------------------------------+------------------------------+---------------+-------------+----------------+
; Assignment Name                      ; Value                        ; Default Value ; Entity Name ; Section Id     ;
+--------------------------------------+------------------------------+---------------+-------------+----------------+
; COMPILER_SIGNATURE_ID                ; 156044323261.138623885302888 ; --            ; --          ; --             ;
; EDA_DESIGN_INSTANCE_NAME             ; i1                           ; --            ; --          ; DDS_vlg_tst    ;
; EDA_NATIVELINK_SIMULATION_TEST_BENCH ; DDS_vlg_tst                  ; --            ; --          ; eda_simulation ;
; EDA_OUTPUT_DATA_FORMAT               ; Verilog Hdl                  ; --            ; --          ; eda_simulation ;
; EDA_SIMULATION_TOOL                  ; ModelSim-Altera (Verilog)    ; <None>        ; --          ; --             ;
; EDA_TEST_BENCH_ENABLE_STATUS         ; TEST_BENCH_MODE              ; --            ; --          ; eda_simulation ;
; EDA_TEST_BENCH_FILE                  ; simulation/modelsim/DDS.vt   ; --            ; --          ; DDS_vlg_tst    ;
; EDA_TEST_BENCH_MODULE_NAME           ; DDS_vlg_tst                  ; --            ; --          ; DDS_vlg_tst    ;
; EDA_TEST_BENCH_NAME                  ; DDS_vlg_tst                  ; --            ; --          ; eda_simulation ;
; EDA_TIME_SCALE                       ; 1 ns                         ; --            ; --          ; eda_simulation ;
; IP_TOOL_NAME                         ; ALTPLL                       ; --            ; --          ; --             ;
; IP_TOOL_NAME                         ; ROM: 1-PORT                  ; --            ; --          ; --             ;
; IP_TOOL_VERSION                      ; 13.0                         ; --            ; --          ; --             ;
; IP_TOOL_VERSION                      ; 13.0                         ; --            ; --          ; --             ;
; MAX_CORE_JUNCTION_TEMP               ; 85                           ; --            ; --          ; --             ;
; MIN_CORE_JUNCTION_TEMP               ; 0                            ; --            ; --          ; --             ;
; MISC_FILE                            ; PLL.bsf                      ; --            ; --          ; --             ;
; MISC_FILE                            ; PLL_bb.v                     ; --            ; --          ; --             ;
; MISC_FILE                            ; PLL.ppf                      ; --            ; --          ; --             ;
; MISC_FILE                            ; DDSROM.bsf                   ; --            ; --          ; --             ;
; MISC_FILE                            ; DDSROM_bb.v                  ; --            ; --          ; --             ;
; PARTITION_COLOR                      ; 16764057                     ; --            ; --          ; Top            ;
; PARTITION_FITTER_PRESERVATION_LEVEL  ; PLACEMENT_AND_ROUTING        ; --            ; --          ; Top            ;
; PARTITION_NETLIST_TYPE               ; SOURCE                       ; --            ; --          ; Top            ;
; PROJECT_OUTPUT_DIRECTORY             ; output_files                 ; --            ; --          ; --             ;
+--------------------------------------+------------------------------+---------------+-------------+----------------+


+-------------------------------------------------------------------------------------------------------------------------------+
; Flow Elapsed Time                                                                                                             ;
+---------------------------+--------------+-------------------------+---------------------+------------------------------------+
; Module Name               ; Elapsed Time ; Average Processors Used ; Peak Virtual Memory ; Total CPU Time (on all processors) ;
+---------------------------+--------------+-------------------------+---------------------+------------------------------------+
; Analysis & Synthesis      ; 00:00:02     ; 1.0                     ; 449 MB              ; 00:00:02                           ;
; Fitter                    ; 00:00:08     ; 1.4                     ; 754 MB              ; 00:00:06                           ;
; Assembler                 ; 00:00:03     ; 1.0                     ; 425 MB              ; 00:00:02                           ;
; TimeQuest Timing Analyzer ; 00:00:03     ; 1.0                     ; 404 MB              ; 00:00:02                           ;
; EDA Netlist Writer        ; 00:00:01     ; 1.0                     ; 370 MB              ; 00:00:01                           ;
; Total                     ; 00:00:17     ; --                      ; --                  ; 00:00:13                           ;
+---------------------------+--------------+-------------------------+---------------------+------------------------------------+


+----------------------------------------------------------------------------------------+
; Flow OS Summary                                                                        ;
+---------------------------+------------------+-----------+------------+----------------+
; Module Name               ; Machine Hostname ; OS Name   ; OS Version ; Processor type ;
+---------------------------+------------------+-----------+------------+----------------+
; Analysis & Synthesis      ; qin-PC           ; Windows 7 ; 6.1        ; x86_64         ;
; Fitter                    ; qin-PC           ; Windows 7 ; 6.1        ; x86_64         ;
; Assembler                 ; qin-PC           ; Windows 7 ; 6.1        ; x86_64         ;
; TimeQuest Timing Analyzer ; qin-PC           ; Windows 7 ; 6.1        ; x86_64         ;
; EDA Netlist Writer        ; qin-PC           ; Windows 7 ; 6.1        ; x86_64         ;
+---------------------------+------------------+-----------+------------+----------------+


------------
; Flow Log ;
------------
quartus_map --read_settings_files=on --write_settings_files=off DDS -c DDS
quartus_fit --read_settings_files=off --write_settings_files=off DDS -c DDS
quartus_asm --read_settings_files=off --write_settings_files=off DDS -c DDS
quartus_sta DDS -c DDS
quartus_eda --read_settings_files=off --write_settings_files=off DDS -c DDS



