C51 COMPILER V9.01   AD9851                                                                03/22/2014 23:50:40 PAGE 1   


C51 COMPILER V9.01, COMPILATION OF MODULE AD9851
OBJECT MODULE PLACED IN ..\Obj\ad9851.obj
COMPILER INVOKED BY: C:\Keil\C51\BIN\C51.EXE ..\Source\AD9851\ad9851.c BROWSE INCDIR(..\Source\DELAY;..\Source\KEY;..\So
                    -urce\LCD;..\Source\AD9851;..\Source\ADS7818) DEBUG OBJECTEXTEND PRINT(..\Obj\ad9851.lst) OBJECT(..\Obj\ad9851.obj)

line level    source

   1          #include"ad9851.h"
   2          #include"lcd.h"
   3          #include"key.h" 
   4          #include"delay.h"
   5          u16 Fraq=0x03e8;
   6          u8 Phase=0x00;
   7          
   8          
   9          
  10          
  11          //往AD9851寄存器写入数据
  12          void AD9851WriteData(void)
  13          {
  14   1              u8 i,p;
  15   1              u32 temp;
  16   1              if(Fraq<10000)
  17   1              {
  18   2                      p=Phase<<3 | 0x00;
  19   2                      temp=(u32)(Fraq*715.824910);//6000024.9135089401152558331647251 //715.825235
  20   2              }
  21   1              else
  22   1              {
  23   2                      p=Phase<<3 | 0x01;
  24   2                      temp=(u32)(Fraq*119.3041516);//36000152.97527755155486568393992
  25   2              }
  26   1              FQUD=0;
  27   1              WCLK=0;
  28   1              for(i=0;i<32;i++)
  29   1              {
  30   2                      WCLK=0;
  31   2                      if(temp&0x00000001)DDS=1;
  32   2                      else DDS=0; 
  33   2                      temp>>=1;
  34   2                      WCLK=1;
  35   2              }
  36   1              for(i=0;i<8;i++)
  37   1              {
  38   2                      WCLK=0;
  39   2                      if(p&0x01)DDS=1;
  40   2                      else DDS=0; 
  41   2                      p>>=1;
  42   2                      WCLK=1;
  43   2              }
  44   1              FQUD=1;
  45   1      }
  46          
  47          //显示相位值
  48          void printf_Phase(void)
  49          {
  50   1              char BUF2[7];
  51   1              u16 temp;
  52   1              temp=36000*(Phase & 0x1f)/32;
  53   1              BUF2[0]=temp/10000+0x30;
  54   1              BUF2[1]=temp/1000%10+0x30;
C51 COMPILER V9.01   AD9851                                                                03/22/2014 23:50:40 PAGE 2   

  55   1              BUF2[2]=temp/100%10+0x30;
  56   1              BUF2[3]='.';
  57   1              BUF2[4]=temp/10%10+0x30;
  58   1              BUF2[5]=temp%10+0x30;
  59   1              BUF2[6]='\0';
  60   1              if(BUF2[0]==0x30 && BUF2[1]==0x30)
  61   1                      BUF2[0]=BUF2[1]=' ';
  62   1              else if(BUF2[0]==0x30)  BUF2[0]=' ';
  63   1              LCD_ShowString(9,2,BUF2);
  64   1      
  65   1      }
  66          //显示频率值
  67          void printf_Fraq(void)
  68          {
  69   1         char BUF1[9];
  70   1         BUF1[8]='\0';
  71   1         if(Fraq<1000)
  72   1         {
  73   2              BUF1[0]=BUF1[1]=BUF1[2]=BUF1[3]=BUF1[4]=' ';
  74   2              BUF1[5]=Fraq/100+0x30;
  75   2              BUF1[6]=Fraq/10%10+0x30;
  76   2              BUF1[7]=Fraq%10+0x30;
  77   2      
  78   2              if(BUF1[5]==0x30 && BUF1[6]==0x30)
  79   2                      BUF1[5]=BUF1[6]=' ';
  80   2                      else if (BUF1[5]==0x30)
  81   2                              BUF1[5]=' ';
  82   2      
  83   2         }
  84   1         else if(Fraq>=1000)
  85   1         {
  86   2      
  87   2              BUF1[0]=Fraq/100000+0x30;
  88   2              BUF1[1]=Fraq/10000%10+0x30;
  89   2              BUF1[2]=Fraq/1000%10+0x30;
  90   2              BUF1[3]='.';
  91   2              BUF1[4]=Fraq/100%10+0x30;
  92   2              BUF1[5]=Fraq/10%10+0x30;
  93   2              BUF1[6]=Fraq%10+0x30;
  94   2              BUF1[7]='k';
  95   2      
  96   2              if(BUF1[0]==0x30 && BUF1[1]==0x30)
  97   2              BUF1[0]=BUF1[1]=' ';
  98   2              else if (BUF1[0]==0x30)
  99   2                      BUF1[0]=' ';
 100   2         }
 101   1      
 102   1              LCD_ShowString(6,1,BUF1);
 103   1      
 104   1      }


MODULE INFORMATION:   STATIC OVERLAYABLE
   CODE SIZE        =    626    ----
   CONSTANT SIZE    =   ----    ----
   XDATA SIZE       =   ----    ----
   PDATA SIZE       =   ----    ----
   DATA SIZE        =      3      21
   IDATA SIZE       =   ----    ----
   BIT SIZE         =   ----    ----
END OF MODULE INFORMATION.


C51 COMPILATION COMPLETE.  0 WARNING(S),  0 ERROR(S)
