C51 COMPILER V9.01   LCD                                                                   03/22/2014 23:50:40 PAGE 1   


C51 COMPILER V9.01, COMPILATION OF MODULE LCD
OBJECT MODULE PLACED IN ..\Obj\lcd.obj
COMPILER INVOKED BY: C:\Keil\C51\BIN\C51.EXE ..\Source\LCD\lcd.c BROWSE INCDIR(..\Source\DELAY;..\Source\KEY;..\Source\L
                    -CD;..\Source\AD9851;..\Source\ADS7818) DEBUG OBJECTEXTEND PRINT(..\Obj\lcd.lst) OBJECT(..\Obj\lcd.obj)

line level    source

   1          #include"lcd.h" 
   2          void LCD_Init(void)//LCD初始化
   3          {
   4   1              #if (LCD_CONTROLLER == 1602)
   5   1          LCD_CW=0x0c;                        //00001100,开显示，不显示光标，光标不闪烁/
   6   1              WHILE_BUSY;                             //忙等待/
   7   1              LCD_CW=0x38;                    //设置16×2显示，5×7点阵，8位数据接口
   8   1              WHILE_BUSY;
   9   1              LCD_CW=0x01;
  10   1              #endif 
  11   1       
  12   1              #if (LCD_CONTROLLER == 12864)
                      WHILE_BUSY;
                  LCD_CW=0x30;
                      WHILE_BUSY;
                  LCD_CW=0x30;
                      WHILE_BUSY;
                  LCD_CW=0x0c;
                      WHILE_BUSY;
                  LCD_CW=0x10;
                      WHILE_BUSY;
                  LCD_CW=0x01;
                      WHILE_BUSY;
                  LCD_CW=0x06;
                      #endif
  26   1      }
  27          //#if (LCD_CONTROLLER == 1602)
  28          //void LCD_ShowChar(u8 addr,u8 dat)     //LCD字符输出
  29          //{
  30          //    WHILE_BUSY;                               //忙等待，不能少！！！/
  31          //      LCD_CW = 0x80 | addr;   //向LCD写入地址，数据指针初始地址为0x80/
  32          //    WHILE_BUSY;                               //忙等待/
  33          //      LCD_DW = dat;                   //向LCD写入数据/                
  34          //}
  35          //
  36          //void LCD_WriteData(u8 dat)
  37          //{
  38          //    WHILE_BUSY;                               //忙等待/
  39          //      LCD_DW = dat;                   //向LCD写入数据/                
  40          //}
  41          //#endif 
  42          void LCD_ShowString(u8 x,u8 y, u8 *str)//LCD字符串输出  ,x--列，y--行
  43          {
  44   1          WHILE_BUSY;
  45   1      
  46   1              #if (LCD_CONTROLLER == 1602)    
  47   1              if(y==1)                                                        //忙等待，不能少！！！/
  48   1              LCD_CW = 0x80 | x;
  49   1              else    
  50   1              LCD_CW = 0xc0 | x;                                      //向LCD写入地址，数据指针初始地址为0x80/
  51   1              #endif
  52   1      
  53   1              #if (LCD_CONTROLLER == 12864)
                  switch(y)
C51 COMPILER V9.01   LCD                                                                   03/22/2014 23:50:40 PAGE 2   

                  {
                      case 1:LCD_CW=0x80 | x; break;
                      case 2:LCD_CW=0x90 | x; break;
                      case 3:LCD_CW=0x88 | x; break;
                      case 4:LCD_CW=0x98 | x; break;
                  }
                      #endif
  62   1      
  63   1              while(*str!='\0')                                       //写到字符串结束/
  64   1              {
  65   2               WHILE_BUSY;                                    //忙等待/
  66   2                   LCD_DW=*str;                                       //向LCD写入数据/
  67   2                       str++;                                                 //写下一个字符/
  68   2              }
  69   1      
  70   1      }
  71          


MODULE INFORMATION:   STATIC OVERLAYABLE
   CODE SIZE        =     83    ----
   CONSTANT SIZE    =   ----    ----
   XDATA SIZE       =   ----    ----
   PDATA SIZE       =   ----    ----
   DATA SIZE        =   ----    ----
   IDATA SIZE       =   ----    ----
   BIT SIZE         =   ----    ----
END OF MODULE INFORMATION.


C51 COMPILATION COMPLETE.  0 WARNING(S),  0 ERROR(S)
