C51 COMPILER V9.01   MAIN                                                                  03/22/2014 23:50:39 PAGE 1   


C51 COMPILER V9.01, COMPILATION OF MODULE MAIN
OBJECT MODULE PLACED IN ..\Obj\main.obj
COMPILER INVOKED BY: C:\Keil\C51\BIN\C51.EXE main.c BROWSE INCDIR(..\Source\DELAY;..\Source\KEY;..\Source\LCD;..\Source\
                    -AD9851;..\Source\ADS7818) DEBUG OBJECTEXTEND PRINT(..\Obj\main.lst) OBJECT(..\Obj\main.obj)

line level    source

   1          #include "my_types.h"
   2          #include"key.h"
   3          #include"delay.h"
   4          #include"lcd.h" 
   5          #include"ad9851.h"
   6          #include<absacc.h>
   7          #include"ads7818.h"
   8          #define LED XBYTE[0xfa00] //Y2
   9          
  10          
  11          
  12          void main()
  13          {       
  14   1              PGA_A0=0;
  15   1              PGA_A1=1;
  16   1              //Phase=0x00;
  17   1              //Fraq=0x000003e8;//1000
  18   1              P3=0xFF;        //P3 口所有IO 口电平拉高
  19   1              IT0=0;          //外部中断1 低电平触发中断
  20   1              EX0=1;          //允许外部中断0 中断
  21   1              EA=1;           //允许所有中断  
  22   1              LCD_Init();
  23   1              LED=0xFF;
  24   1      
  25   1              LCD_ShowString(0,1,"100 ");
  26   1              //LCD_ShowString(0,1,"Fraq:");
  27   1              LCD_ShowString(14,1,"Hz");
  28   1              //LCD_ShowString(5,2,"V");
  29   1              //LCD_ShowString(0,2,"Phase:");
  30   1              WHILE_BUSY;
  31   1              LCD_CW = 0xc0 | 15;
  32   1              WHILE_BUSY;
  33   1              LCD_DW=0xDF;
  34   1      
  35   1              delay(500);
  36   1              PGA_A0=0;
  37   1              PGA_A1=1;
  38   1              AD9851WriteData();
  39   1              printf_Fraq();
  40   1              printf_Phase();
  41   1              AD9851WriteData();
  42   1      
  43   1              while(1)
  44   1              {
  45   2                      //Key_Scan();
  46   2                      delay(100);
  47   2                      printf_AD();
  48   2      
  49   2              }
  50   1      
  51   1      }
  52          


C51 COMPILER V9.01   MAIN                                                                  03/22/2014 23:50:39 PAGE 2   

MODULE INFORMATION:   STATIC OVERLAYABLE
   CODE SIZE        =    104    ----
   CONSTANT SIZE    =      8    ----
   XDATA SIZE       =   ----    ----
   PDATA SIZE       =   ----    ----
   DATA SIZE        =   ----    ----
   IDATA SIZE       =   ----    ----
   BIT SIZE         =   ----    ----
END OF MODULE INFORMATION.


C51 COMPILATION COMPLETE.  0 WARNING(S),  0 ERROR(S)
